Reading D:/intelFPGA/19.1/modelsim_ase/tcl/vsim/pref.tcl

# 10.5b

# do run_phase1_questa.do
# Model Technology ModelSim - Intel FPGA Edition vmap 10.5b Lib Mapping Utility 2016.10 Oct  5 2016
# vmap work work 
# Copying D:/intelFPGA/19.1/modelsim_ase/win32aloem/../modelsim.ini to modelsim.ini
# Modifying modelsim.ini
# Model Technology ModelSim - Intel FPGA Edition vlog 10.5b Compiler 2016.10 Oct  5 2016
# Start time: 22:30:21 on Mar 04,2026
# vlog -sv ../Lab4_ALU.v tb_Lab4_ALU_phase1.v 
# -- Compiling module Lab4_ALU
# -- Compiling module tb_Lab4_ALU_phase1
# 
# Top level modules:
# 	tb_Lab4_ALU_phase1
# End time: 22:30:21 on Mar 04,2026, Elapsed time: 0:00:00
# Errors: 0, Warnings: 0
# vsim -c work.tb_Lab4_ALU_phase1 -do "run -all; quit -f" 
# Start time: 22:30:22 on Mar 04,2026
# Loading sv_std.std
# Loading work.tb_Lab4_ALU_phase1
# Loading work.Lab4_ALU
# run -all
# ================ Phase-1 ALU Verification ================
# Requirement: Cout is valid only when S=01 (SUM)
# PASS: 2048/2048 tests passed.
# ==========================================================
# ** Note: $finish    : tb_Lab4_ALU_phase1.v(83)
#    Time: 2048 ns  Iteration: 0  Instance: /tb_Lab4_ALU_phase1
# End time: 22:30:23 on Mar 04,2026, Elapsed time: 0:00:01
# Errors: 0, Warnings: 0
