#! /c/Source/iverilog-install/bin/vvp
:ivl_version "12.0 (devel)" "(s20150603-1539-g2693dd32b)";
:ivl_delay_selection "TYPICAL";
:vpi_time_precision - 12;
:vpi_module "C:\iverilog\lib\ivl\system.vpi";
:vpi_module "C:\iverilog\lib\ivl\vhdl_sys.vpi";
:vpi_module "C:\iverilog\lib\ivl\vhdl_textio.vpi";
:vpi_module "C:\iverilog\lib\ivl\v2005_math.vpi";
:vpi_module "C:\iverilog\lib\ivl\va_math.vpi";
:vpi_module "C:\iverilog\lib\ivl\v2009.vpi";
S_00000232e5e04be0 .scope package, "$unit" "$unit" 2 1;
 .timescale 0 0;
S_00000232e5e406b0 .scope module, "Lab4_RALU_tb_evidence" "Lab4_RALU_tb_evidence" 3 3;
 .timescale -9 -12;
v00000232e5ea22d0_0 .var "CLK", 0 0;
v00000232e5ea11f0_0 .var "Cin", 0 0;
v00000232e5ea1bf0_0 .net "Cout", 0 0, L_00000232e5e24b50;  1 drivers
v00000232e5ea1f10_0 .net "DBG_AND", 3 0, L_00000232e5ea8b10;  1 drivers
v00000232e5ea18d0_0 .net "DBG_MUXA_OUT", 3 0, L_00000232e5e24bc0;  1 drivers
v00000232e5ea1dd0_0 .net "DBG_MUXB_OUT", 3 0, L_00000232e5e24c30;  1 drivers
v00000232e5ea1970_0 .net "DBG_NOT", 3 0, L_00000232e5ea8410;  1 drivers
v00000232e5ea25f0_0 .net "DBG_OR", 3 0, L_00000232e5ea86b0;  1 drivers
v00000232e5ea2370_0 .net "DBG_SHL", 3 0, L_00000232e5ea84f0;  1 drivers
v00000232e5ea1290_0 .net "DBG_SHR", 3 0, L_00000232e5ea8480;  1 drivers
v00000232e5ea2af0_0 .net "DBG_SUM", 3 0, L_00000232e5ea7fb0;  1 drivers
v00000232e5ea2690_0 .var "INPUT_BUS", 3 0;
v00000232e5ea1fb0_0 .var "MSA", 1 0;
v00000232e5ea2410_0 .var "MSB", 1 0;
v00000232e5ea0e30_0 .var "MSC", 2 0;
v00000232e5ea13d0_0 .net "OUTPUT_BUS", 3 0, L_00000232e5e24a70;  1 drivers
v00000232e5ea2190_0 .net "REGA", 3 0, L_00000232e5e24990;  1 drivers
v00000232e5ea15b0_0 .net "REGB", 3 0, L_00000232e5e24a00;  1 drivers
v00000232e5ea1a10_0 .var/i "errors", 31 0;
v00000232e5ea1ab0_0 .var/i "fd", 31 0;
S_00000232e5e40840 .scope module, "dut" "Lab4_RALU" 3 28, 4 1 0, S_00000232e5e406b0;
 .timescale 0 0;
    .port_info 0 /INPUT 1 "CLK";
    .port_info 1 /INPUT 1 "Cin";
    .port_info 2 /INPUT 4 "INPUT_BUS";
    .port_info 3 /INPUT 2 "MSA";
    .port_info 4 /INPUT 2 "MSB";
    .port_info 5 /INPUT 3 "MSC";
    .port_info 6 /OUTPUT 4 "REGA";
    .port_info 7 /OUTPUT 4 "REGB";
    .port_info 8 /OUTPUT 4 "OUTPUT_BUS";
    .port_info 9 /OUTPUT 1 "Cout";
    .port_info 10 /OUTPUT 4 "DBG_MUXA_OUT";
    .port_info 11 /OUTPUT 4 "DBG_MUXB_OUT";
    .port_info 12 /OUTPUT 4 "DBG_NOT";
    .port_info 13 /OUTPUT 4 "DBG_AND";
    .port_info 14 /OUTPUT 4 "DBG_OR";
    .port_info 15 /OUTPUT 4 "DBG_SUM";
    .port_info 16 /OUTPUT 4 "DBG_SHL";
    .port_info 17 /OUTPUT 4 "DBG_SHR";
L_00000232e5e24f40 .functor NOT 4, v00000232e5ea0f70_0, C4<0000>, C4<0000>, C4<0000>;
L_00000232e5e24760 .functor AND 4, v00000232e5ea0f70_0, v00000232e5ea0cf0_0, C4<1111>, C4<1111>;
L_00000232e5e247d0 .functor OR 4, v00000232e5ea0f70_0, v00000232e5ea0cf0_0, C4<0000>, C4<0000>;
L_00000232e5e24990 .functor BUFZ 4, v00000232e5ea0f70_0, C4<0000>, C4<0000>, C4<0000>;
L_00000232e5e24a00 .functor BUFZ 4, v00000232e5ea0cf0_0, C4<0000>, C4<0000>, C4<0000>;
L_00000232e5e24a70 .functor BUFZ 4, v00000232e5ea0c50_0, C4<0000>, C4<0000>, C4<0000>;
L_00000232e5e24b50 .functor BUFZ 1, L_00000232e5ea1b50, C4<0>, C4<0>, C4<0>;
L_00000232e5e24bc0 .functor BUFZ 4, v00000232e5ea2230_0, C4<0000>, C4<0000>, C4<0000>;
L_00000232e5e24c30 .functor BUFZ 4, v00000232e5ea1330_0, C4<0000>, C4<0000>, C4<0000>;
L_00000232e5ea8410 .functor BUFZ 4, L_00000232e5e24f40, C4<0000>, C4<0000>, C4<0000>;
L_00000232e5ea8b10 .functor BUFZ 4, L_00000232e5e24760, C4<0000>, C4<0000>, C4<0000>;
L_00000232e5ea86b0 .functor BUFZ 4, L_00000232e5e247d0, C4<0000>, C4<0000>, C4<0000>;
L_00000232e5ea7fb0 .functor BUFZ 4, L_00000232e5ea24b0, C4<0000>, C4<0000>, C4<0000>;
L_00000232e5ea84f0 .functor BUFZ 4, L_00000232e5ea49c0, C4<0000>, C4<0000>, C4<0000>;
L_00000232e5ea8480 .functor BUFZ 4, L_00000232e5ea44c0, C4<0000>, C4<0000>, C4<0000>;
v00000232e5e32bc0_0 .net "CLK", 0 0, v00000232e5ea22d0_0;  1 drivers
v00000232e5e32ee0_0 .net "Cin", 0 0, v00000232e5ea11f0_0;  1 drivers
v00000232e5e32d00_0 .net "Cout", 0 0, L_00000232e5e24b50;  alias, 1 drivers
v00000232e5e31fe0_0 .net "DBG_AND", 3 0, L_00000232e5ea8b10;  alias, 1 drivers
v00000232e5e324e0_0 .net "DBG_MUXA_OUT", 3 0, L_00000232e5e24bc0;  alias, 1 drivers
v00000232e5e32580_0 .net "DBG_MUXB_OUT", 3 0, L_00000232e5e24c30;  alias, 1 drivers
v00000232e5e32260_0 .net "DBG_NOT", 3 0, L_00000232e5ea8410;  alias, 1 drivers
v00000232e5e329e0_0 .net "DBG_OR", 3 0, L_00000232e5ea86b0;  alias, 1 drivers
v00000232e5e32da0_0 .net "DBG_SHL", 3 0, L_00000232e5ea84f0;  alias, 1 drivers
v00000232e5e32300_0 .net "DBG_SHR", 3 0, L_00000232e5ea8480;  alias, 1 drivers
v00000232e5e32620_0 .net "DBG_SUM", 3 0, L_00000232e5ea7fb0;  alias, 1 drivers
v00000232e5e32440_0 .net "INPUT_BUS", 3 0, v00000232e5ea2690_0;  1 drivers
v00000232e5e32800_0 .net "MSA", 1 0, v00000232e5ea1fb0_0;  1 drivers
v00000232e5e32e40_0 .net "MSB", 1 0, v00000232e5ea2410_0;  1 drivers
v00000232e5e32080_0 .net "MSC", 2 0, v00000232e5ea0e30_0;  1 drivers
v00000232e5e32120_0 .net "OUTPUT_BUS", 3 0, L_00000232e5e24a70;  alias, 1 drivers
v00000232e5e326c0_0 .net "REGA", 3 0, L_00000232e5e24990;  alias, 1 drivers
v00000232e5e328a0_0 .net "REGB", 3 0, L_00000232e5e24a00;  alias, 1 drivers
L_00000232e5ec0088 .functor BUFT 1, C4<0>, C4<0>, C4<0>, C4<0>;
v00000232e5e323a0_0 .net *"_ivl_12", 0 0, L_00000232e5ec0088;  1 drivers
v00000232e5e321c0_0 .net *"_ivl_13", 4 0, L_00000232e5ea4740;  1 drivers
L_00000232e5ec00d0 .functor BUFT 1, C4<0>, C4<0>, C4<0>, C4<0>;
v00000232e5e32940_0 .net *"_ivl_16", 0 0, L_00000232e5ec00d0;  1 drivers
v00000232e5e32c60_0 .net *"_ivl_17", 4 0, L_00000232e5ea4420;  1 drivers
v00000232e5ea1c90_0 .net *"_ivl_19", 4 0, L_00000232e5ea4380;  1 drivers
L_00000232e5ec0118 .functor BUFT 1, C4<0000>, C4<0>, C4<0>, C4<0>;
v00000232e5ea20f0_0 .net *"_ivl_22", 3 0, L_00000232e5ec0118;  1 drivers
v00000232e5ea1470_0 .net *"_ivl_23", 4 0, L_00000232e5ea3160;  1 drivers
v00000232e5ea2730_0 .net *"_ivl_26", 2 0, L_00000232e5ea4920;  1 drivers
L_00000232e5ec0160 .functor BUFT 1, C4<0>, C4<0>, C4<0>, C4<0>;
v00000232e5ea1e70_0 .net/2u *"_ivl_27", 0 0, L_00000232e5ec0160;  1 drivers
L_00000232e5ec01a8 .functor BUFT 1, C4<0>, C4<0>, C4<0>, C4<0>;
v00000232e5ea1510_0 .net/2u *"_ivl_31", 0 0, L_00000232e5ec01a8;  1 drivers
v00000232e5ea1d30_0 .net *"_ivl_34", 2 0, L_00000232e5ea3c00;  1 drivers
v00000232e5ea1010_0 .net *"_ivl_9", 4 0, L_00000232e5e32b20;  1 drivers
v00000232e5ea2910_0 .net "add_cout", 0 0, L_00000232e5ea1b50;  1 drivers
v00000232e5ea10b0_0 .net "fn_and", 3 0, L_00000232e5e24760;  1 drivers
v00000232e5ea2050_0 .net "fn_not", 3 0, L_00000232e5e24f40;  1 drivers
v00000232e5ea0ed0_0 .net "fn_or", 3 0, L_00000232e5e247d0;  1 drivers
v00000232e5ea29b0_0 .net "fn_shl", 3 0, L_00000232e5ea49c0;  1 drivers
v00000232e5ea2550_0 .net "fn_shr", 3 0, L_00000232e5ea44c0;  1 drivers
v00000232e5ea1790_0 .net "fn_sum", 3 0, L_00000232e5ea24b0;  1 drivers
v00000232e5ea2230_0 .var "mux_a_out", 3 0;
v00000232e5ea1330_0 .var "mux_b_out", 3 0;
v00000232e5ea0c50_0 .var "mux_c_out", 3 0;
v00000232e5ea0f70_0 .var "reg_a", 3 0;
v00000232e5ea0cf0_0 .var "reg_b", 3 0;
E_00000232e5e3f8c0/0 .event anyedge, v00000232e5e32080_0, v00000232e5ea0f70_0, v00000232e5ea0cf0_0, v00000232e5ea2050_0;
E_00000232e5e3f8c0/1 .event anyedge, v00000232e5ea10b0_0, v00000232e5ea0ed0_0, v00000232e5ea1790_0, v00000232e5ea29b0_0;
E_00000232e5e3f8c0/2 .event anyedge, v00000232e5ea2550_0;
E_00000232e5e3f8c0 .event/or E_00000232e5e3f8c0/0, E_00000232e5e3f8c0/1, E_00000232e5e3f8c0/2;
E_00000232e5e3fac0 .event posedge, v00000232e5e32bc0_0;
E_00000232e5e3fdc0/0 .event anyedge, v00000232e5e32e40_0, v00000232e5e32440_0, v00000232e5ea0f70_0, v00000232e5ea0cf0_0;
E_00000232e5e3fdc0/1 .event anyedge, v00000232e5ea0c50_0;
E_00000232e5e3fdc0 .event/or E_00000232e5e3fdc0/0, E_00000232e5e3fdc0/1;
E_00000232e5e3f740/0 .event anyedge, v00000232e5e32800_0, v00000232e5e32440_0, v00000232e5ea0f70_0, v00000232e5ea0cf0_0;
E_00000232e5e3f740/1 .event anyedge, v00000232e5ea0c50_0;
E_00000232e5e3f740 .event/or E_00000232e5e3f740/0, E_00000232e5e3f740/1;
L_00000232e5ea1b50 .part L_00000232e5ea3160, 4, 1;
L_00000232e5ea24b0 .part L_00000232e5ea3160, 0, 4;
L_00000232e5e32b20 .concat [ 4 1 0 0], v00000232e5ea0f70_0, L_00000232e5ec0088;
L_00000232e5ea4740 .concat [ 4 1 0 0], v00000232e5ea0cf0_0, L_00000232e5ec00d0;
L_00000232e5ea4420 .arith/sum 5, L_00000232e5e32b20, L_00000232e5ea4740;
L_00000232e5ea4380 .concat [ 1 4 0 0], v00000232e5ea11f0_0, L_00000232e5ec0118;
L_00000232e5ea3160 .arith/sum 5, L_00000232e5ea4420, L_00000232e5ea4380;
L_00000232e5ea4920 .part v00000232e5ea0f70_0, 0, 3;
L_00000232e5ea49c0 .concat [ 1 3 0 0], L_00000232e5ec0160, L_00000232e5ea4920;
L_00000232e5ea3c00 .part v00000232e5ea0f70_0, 1, 3;
L_00000232e5ea44c0 .concat [ 3 1 0 0], L_00000232e5ea3c00, L_00000232e5ec01a8;
S_00000232e5ea2c10 .scope task, "expect1" "expect1" 3 71, 3 71 0, S_00000232e5e406b0;
 .timescale -9 -12;
v00000232e5ea27d0_0 .var "exp", 0 0;
v00000232e5ea0d90_0 .var "got", 0 0;
v00000232e5ea2a50_0 .var "name", 255 0;
TD_Lab4_RALU_tb_evidence.expect1 ;
    %load/vec4 v00000232e5ea0d90_0;
    %load/vec4 v00000232e5ea27d0_0;
    %cmp/ne;
    %jmp/0xz  T_0.0, 6;
    %vpi_call/w 3 77 "$display", "FAIL %0s got=%b exp=%b t=%0t", v00000232e5ea2a50_0, v00000232e5ea0d90_0, v00000232e5ea27d0_0, $time {0 0 0};
    %vpi_call/w 3 78 "$fdisplay", v00000232e5ea1ab0_0, "FAIL %0s got=%b exp=%b t=%0t", v00000232e5ea2a50_0, v00000232e5ea0d90_0, v00000232e5ea27d0_0, $time {0 0 0};
    %load/vec4 v00000232e5ea1a10_0;
    %addi 1, 0, 32;
    %store/vec4 v00000232e5ea1a10_0, 0, 32;
T_0.0 ;
    %end;
S_00000232e5ea2da0 .scope task, "expect4" "expect4" 3 58, 3 58 0, S_00000232e5e406b0;
 .timescale -9 -12;
v00000232e5ea16f0_0 .var "exp", 3 0;
v00000232e5ea1830_0 .var "got", 3 0;
v00000232e5ea1150_0 .var "name", 255 0;
TD_Lab4_RALU_tb_evidence.expect4 ;
    %load/vec4 v00000232e5ea1830_0;
    %load/vec4 v00000232e5ea16f0_0;
    %cmp/ne;
    %jmp/0xz  T_1.2, 6;
    %vpi_call/w 3 64 "$display", "FAIL %0s got=%h exp=%h t=%0t", v00000232e5ea1150_0, v00000232e5ea1830_0, v00000232e5ea16f0_0, $time {0 0 0};
    %vpi_call/w 3 65 "$fdisplay", v00000232e5ea1ab0_0, "FAIL %0s got=%h exp=%h t=%0t", v00000232e5ea1150_0, v00000232e5ea1830_0, v00000232e5ea16f0_0, $time {0 0 0};
    %load/vec4 v00000232e5ea1a10_0;
    %addi 1, 0, 32;
    %store/vec4 v00000232e5ea1a10_0, 0, 32;
T_1.2 ;
    %end;
S_00000232e5e47300 .scope task, "log_state" "log_state" 3 84, 3 84 0, S_00000232e5e406b0;
 .timescale -9 -12;
v00000232e5ea2870_0 .var "tag", 255 0;
TD_Lab4_RALU_tb_evidence.log_state ;
    %vpi_call/w 3 87 "$display", "%0s | A=%h B=%h OUT=%h Cout=%b", v00000232e5ea2870_0, v00000232e5ea2190_0, v00000232e5ea15b0_0, v00000232e5ea13d0_0, v00000232e5ea1bf0_0 {0 0 0};
    %vpi_call/w 3 88 "$fdisplay", v00000232e5ea1ab0_0, "%0s | A=%h B=%h OUT=%h Cout=%b", v00000232e5ea2870_0, v00000232e5ea2190_0, v00000232e5ea15b0_0, v00000232e5ea13d0_0, v00000232e5ea1bf0_0 {0 0 0};
    %end;
S_00000232e5e47490 .scope task, "tick" "tick" 3 51, 3 51 0, S_00000232e5e406b0;
 .timescale -9 -12;
TD_Lab4_RALU_tb_evidence.tick ;
    %wait E_00000232e5e3fac0;
    %delay 1000, 0;
    %end;
    .scope S_00000232e5e40840;
T_4 ;
    %wait E_00000232e5e3f740;
    %load/vec4 v00000232e5e32800_0;
    %dup/vec4;
    %pushi/vec4 0, 0, 2;
    %cmp/u;
    %jmp/1 T_4.0, 6;
    %dup/vec4;
    %pushi/vec4 1, 0, 2;
    %cmp/u;
    %jmp/1 T_4.1, 6;
    %dup/vec4;
    %pushi/vec4 2, 0, 2;
    %cmp/u;
    %jmp/1 T_4.2, 6;
    %load/vec4 v00000232e5ea0c50_0;
    %store/vec4 v00000232e5ea2230_0, 0, 4;
    %jmp T_4.4;
T_4.0 ;
    %load/vec4 v00000232e5e32440_0;
    %store/vec4 v00000232e5ea2230_0, 0, 4;
    %jmp T_4.4;
T_4.1 ;
    %load/vec4 v00000232e5ea0f70_0;
    %store/vec4 v00000232e5ea2230_0, 0, 4;
    %jmp T_4.4;
T_4.2 ;
    %load/vec4 v00000232e5ea0cf0_0;
    %store/vec4 v00000232e5ea2230_0, 0, 4;
    %jmp T_4.4;
T_4.4 ;
    %pop/vec4 1;
    %jmp T_4;
    .thread T_4, $push;
    .scope S_00000232e5e40840;
T_5 ;
    %wait E_00000232e5e3fdc0;
    %load/vec4 v00000232e5e32e40_0;
    %dup/vec4;
    %pushi/vec4 0, 0, 2;
    %cmp/u;
    %jmp/1 T_5.0, 6;
    %dup/vec4;
    %pushi/vec4 1, 0, 2;
    %cmp/u;
    %jmp/1 T_5.1, 6;
    %dup/vec4;
    %pushi/vec4 2, 0, 2;
    %cmp/u;
    %jmp/1 T_5.2, 6;
    %load/vec4 v00000232e5ea0c50_0;
    %store/vec4 v00000232e5ea1330_0, 0, 4;
    %jmp T_5.4;
T_5.0 ;
    %load/vec4 v00000232e5e32440_0;
    %store/vec4 v00000232e5ea1330_0, 0, 4;
    %jmp T_5.4;
T_5.1 ;
    %load/vec4 v00000232e5ea0f70_0;
    %store/vec4 v00000232e5ea1330_0, 0, 4;
    %jmp T_5.4;
T_5.2 ;
    %load/vec4 v00000232e5ea0cf0_0;
    %store/vec4 v00000232e5ea1330_0, 0, 4;
    %jmp T_5.4;
T_5.4 ;
    %pop/vec4 1;
    %jmp T_5;
    .thread T_5, $push;
    .scope S_00000232e5e40840;
T_6 ;
    %wait E_00000232e5e3fac0;
    %load/vec4 v00000232e5ea2230_0;
    %assign/vec4 v00000232e5ea0f70_0, 0;
    %load/vec4 v00000232e5ea1330_0;
    %assign/vec4 v00000232e5ea0cf0_0, 0;
    %jmp T_6;
    .thread T_6;
    .scope S_00000232e5e40840;
T_7 ;
    %wait E_00000232e5e3f8c0;
    %load/vec4 v00000232e5e32080_0;
    %dup/vec4;
    %pushi/vec4 0, 0, 3;
    %cmp/u;
    %jmp/1 T_7.0, 6;
    %dup/vec4;
    %pushi/vec4 1, 0, 3;
    %cmp/u;
    %jmp/1 T_7.1, 6;
    %dup/vec4;
    %pushi/vec4 2, 0, 3;
    %cmp/u;
    %jmp/1 T_7.2, 6;
    %dup/vec4;
    %pushi/vec4 3, 0, 3;
    %cmp/u;
    %jmp/1 T_7.3, 6;
    %dup/vec4;
    %pushi/vec4 4, 0, 3;
    %cmp/u;
    %jmp/1 T_7.4, 6;
    %dup/vec4;
    %pushi/vec4 5, 0, 3;
    %cmp/u;
    %jmp/1 T_7.5, 6;
    %dup/vec4;
    %pushi/vec4 6, 0, 3;
    %cmp/u;
    %jmp/1 T_7.6, 6;
    %load/vec4 v00000232e5ea2550_0;
    %store/vec4 v00000232e5ea0c50_0, 0, 4;
    %jmp T_7.8;
T_7.0 ;
    %load/vec4 v00000232e5ea0f70_0;
    %store/vec4 v00000232e5ea0c50_0, 0, 4;
    %jmp T_7.8;
T_7.1 ;
    %load/vec4 v00000232e5ea0cf0_0;
    %store/vec4 v00000232e5ea0c50_0, 0, 4;
    %jmp T_7.8;
T_7.2 ;
    %load/vec4 v00000232e5ea2050_0;
    %store/vec4 v00000232e5ea0c50_0, 0, 4;
    %jmp T_7.8;
T_7.3 ;
    %load/vec4 v00000232e5ea10b0_0;
    %store/vec4 v00000232e5ea0c50_0, 0, 4;
    %jmp T_7.8;
T_7.4 ;
    %load/vec4 v00000232e5ea0ed0_0;
    %store/vec4 v00000232e5ea0c50_0, 0, 4;
    %jmp T_7.8;
T_7.5 ;
    %load/vec4 v00000232e5ea1790_0;
    %store/vec4 v00000232e5ea0c50_0, 0, 4;
    %jmp T_7.8;
T_7.6 ;
    %load/vec4 v00000232e5ea29b0_0;
    %store/vec4 v00000232e5ea0c50_0, 0, 4;
    %jmp T_7.8;
T_7.8 ;
    %pop/vec4 1;
    %jmp T_7;
    .thread T_7, $push;
    .scope S_00000232e5e406b0;
T_8 ;
    %delay 5000, 0;
    %load/vec4 v00000232e5ea22d0_0;
    %inv;
    %store/vec4 v00000232e5ea22d0_0, 0, 1;
    %jmp T_8;
    .thread T_8;
    .scope S_00000232e5e406b0;
T_9 ;
    %pushi/vec4 0, 0, 1;
    %store/vec4 v00000232e5ea22d0_0, 0, 1;
    %pushi/vec4 0, 0, 1;
    %store/vec4 v00000232e5ea11f0_0, 0, 1;
    %pushi/vec4 0, 0, 4;
    %store/vec4 v00000232e5ea2690_0, 0, 4;
    %pushi/vec4 0, 0, 2;
    %store/vec4 v00000232e5ea1fb0_0, 0, 2;
    %pushi/vec4 0, 0, 2;
    %store/vec4 v00000232e5ea2410_0, 0, 2;
    %pushi/vec4 0, 0, 3;
    %store/vec4 v00000232e5ea0e30_0, 0, 3;
    %pushi/vec4 0, 0, 32;
    %store/vec4 v00000232e5ea1a10_0, 0, 32;
    %vpi_func 3 101 "$fopen" 32, "tb_evidence.log", "w" {0 0 0};
    %store/vec4 v00000232e5ea1ab0_0, 0, 32;
    %vpi_call/w 3 102 "$dumpfile", "tb_evidence.vcd" {0 0 0};
    %vpi_call/w 3 103 "$dumpvars", 32'sb00000000000000000000000000000000, S_00000232e5e406b0 {0 0 0};
    %vpi_call/w 3 105 "$display", "=== Part A: Table-3 simple function checks ===" {0 0 0};
    %vpi_call/w 3 106 "$fdisplay", v00000232e5ea1ab0_0, "=== Part A: Table-3 simple function checks ===" {0 0 0};
    %pushi/vec4 10, 0, 4;
    %store/vec4 v00000232e5ea2690_0, 0, 4;
    %pushi/vec4 0, 0, 2;
    %store/vec4 v00000232e5ea1fb0_0, 0, 2;
    %pushi/vec4 2, 0, 2;
    %store/vec4 v00000232e5ea2410_0, 0, 2;
    %pushi/vec4 0, 0, 3;
    %store/vec4 v00000232e5ea0e30_0, 0, 3;
    %fork TD_Lab4_RALU_tb_evidence.tick, S_00000232e5e47490;
    %join;
    %pushi/vec4 3, 0, 4;
    %store/vec4 v00000232e5ea2690_0, 0, 4;
    %pushi/vec4 1, 0, 2;
    %store/vec4 v00000232e5ea1fb0_0, 0, 2;
    %pushi/vec4 0, 0, 2;
    %store/vec4 v00000232e5ea2410_0, 0, 2;
    %pushi/vec4 0, 0, 3;
    %store/vec4 v00000232e5ea0e30_0, 0, 3;
    %fork TD_Lab4_RALU_tb_evidence.tick, S_00000232e5e47490;
    %join;
    %pushi/vec4 0, 0, 32; draw_string_vec4
    %pushi/vec4 0, 0, 32; draw_string_vec4
    %concat/vec4; draw_string_vec4
    %pushi/vec4 16742, 0, 32; draw_string_vec4
    %concat/vec4; draw_string_vec4
    %pushi/vec4 1952805408, 0, 32; draw_string_vec4
    %concat/vec4; draw_string_vec4
    %pushi/vec4 1819238756, 0, 32; draw_string_vec4
    %concat/vec4; draw_string_vec4
    %pushi/vec4 541146416, 0, 32; draw_string_vec4
    %concat/vec4; draw_string_vec4
    %pushi/vec4 2017534018, 0, 32; draw_string_vec4
    %concat/vec4; draw_string_vec4
    %pushi/vec4 1026586675, 0, 32; draw_string_vec4
    %concat/vec4; draw_string_vec4
    %store/vec4 v00000232e5ea2870_0, 0, 256;
    %fork TD_Lab4_RALU_tb_evidence.log_state, S_00000232e5e47300;
    %join;
    %pushi/vec4 0, 0, 3;
    %store/vec4 v00000232e5ea0e30_0, 0, 3;
    %delay 1000, 0;
    %pushi/vec4 0, 0, 32; draw_string_vec4
    %pushi/vec4 0, 0, 32; draw_string_vec4
    %concat/vec4; draw_string_vec4
    %pushi/vec4 0, 0, 32; draw_string_vec4
    %concat/vec4; draw_string_vec4
    %pushi/vec4 0, 0, 32; draw_string_vec4
    %concat/vec4; draw_string_vec4
    %pushi/vec4 0, 0, 32; draw_string_vec4
    %concat/vec4; draw_string_vec4
    %pushi/vec4 5067587, 0, 32; draw_string_vec4
    %concat/vec4; draw_string_vec4
    %pushi/vec4 808464416, 0, 32; draw_string_vec4
    %concat/vec4; draw_string_vec4
    %pushi/vec4 1380271937, 0, 32; draw_string_vec4
    %concat/vec4; draw_string_vec4
    %store/vec4 v00000232e5ea1150_0, 0, 256;
    %load/vec4 v00000232e5ea13d0_0;
    %store/vec4 v00000232e5ea1830_0, 0, 4;
    %pushi/vec4 10, 0, 4;
    %store/vec4 v00000232e5ea16f0_0, 0, 4;
    %fork TD_Lab4_RALU_tb_evidence.expect4, S_00000232e5ea2da0;
    %join;
    %pushi/vec4 1, 0, 3;
    %store/vec4 v00000232e5ea0e30_0, 0, 3;
    %delay 1000, 0;
    %pushi/vec4 0, 0, 32; draw_string_vec4
    %pushi/vec4 0, 0, 32; draw_string_vec4
    %concat/vec4; draw_string_vec4
    %pushi/vec4 0, 0, 32; draw_string_vec4
    %concat/vec4; draw_string_vec4
    %pushi/vec4 0, 0, 32; draw_string_vec4
    %concat/vec4; draw_string_vec4
    %pushi/vec4 0, 0, 32; draw_string_vec4
    %concat/vec4; draw_string_vec4
    %pushi/vec4 5067587, 0, 32; draw_string_vec4
    %concat/vec4; draw_string_vec4
    %pushi/vec4 808464672, 0, 32; draw_string_vec4
    %concat/vec4; draw_string_vec4
    %pushi/vec4 1380271938, 0, 32; draw_string_vec4
    %concat/vec4; draw_string_vec4
    %store/vec4 v00000232e5ea1150_0, 0, 256;
    %load/vec4 v00000232e5ea13d0_0;
    %store/vec4 v00000232e5ea1830_0, 0, 4;
    %pushi/vec4 3, 0, 4;
    %store/vec4 v00000232e5ea16f0_0, 0, 4;
    %fork TD_Lab4_RALU_tb_evidence.expect4, S_00000232e5ea2da0;
    %join;
    %pushi/vec4 2, 0, 3;
    %store/vec4 v00000232e5ea0e30_0, 0, 3;
    %delay 1000, 0;
    %pushi/vec4 0, 0, 32; draw_string_vec4
    %pushi/vec4 0, 0, 32; draw_string_vec4
    %concat/vec4; draw_string_vec4
    %pushi/vec4 0, 0, 32; draw_string_vec4
    %concat/vec4; draw_string_vec4
    %pushi/vec4 0, 0, 32; draw_string_vec4
    %concat/vec4; draw_string_vec4
    %pushi/vec4 0, 0, 32; draw_string_vec4
    %concat/vec4; draw_string_vec4
    %pushi/vec4 19795, 0, 32; draw_string_vec4
    %concat/vec4; draw_string_vec4
    %pushi/vec4 1127231792, 0, 32; draw_string_vec4
    %concat/vec4; draw_string_vec4
    %pushi/vec4 542003028, 0, 32; draw_string_vec4
    %concat/vec4; draw_string_vec4
    %store/vec4 v00000232e5ea1150_0, 0, 256;
    %load/vec4 v00000232e5ea13d0_0;
    %store/vec4 v00000232e5ea1830_0, 0, 4;
    %pushi/vec4 5, 0, 4;
    %store/vec4 v00000232e5ea16f0_0, 0, 4;
    %fork TD_Lab4_RALU_tb_evidence.expect4, S_00000232e5ea2da0;
    %join;
    %pushi/vec4 3, 0, 3;
    %store/vec4 v00000232e5ea0e30_0, 0, 3;
    %delay 1000, 0;
    %pushi/vec4 0, 0, 32; draw_string_vec4
    %pushi/vec4 0, 0, 32; draw_string_vec4
    %concat/vec4; draw_string_vec4
    %pushi/vec4 0, 0, 32; draw_string_vec4
    %concat/vec4; draw_string_vec4
    %pushi/vec4 0, 0, 32; draw_string_vec4
    %concat/vec4; draw_string_vec4
    %pushi/vec4 0, 0, 32; draw_string_vec4
    %concat/vec4; draw_string_vec4
    %pushi/vec4 19795, 0, 32; draw_string_vec4
    %concat/vec4; draw_string_vec4
    %pushi/vec4 1127231793, 0, 32; draw_string_vec4
    %concat/vec4; draw_string_vec4
    %pushi/vec4 541150788, 0, 32; draw_string_vec4
    %concat/vec4; draw_string_vec4
    %store/vec4 v00000232e5ea1150_0, 0, 256;
    %load/vec4 v00000232e5ea13d0_0;
    %store/vec4 v00000232e5ea1830_0, 0, 4;
    %pushi/vec4 2, 0, 4;
    %store/vec4 v00000232e5ea16f0_0, 0, 4;
    %fork TD_Lab4_RALU_tb_evidence.expect4, S_00000232e5ea2da0;
    %join;
    %pushi/vec4 4, 0, 3;
    %store/vec4 v00000232e5ea0e30_0, 0, 3;
    %delay 1000, 0;
    %pushi/vec4 0, 0, 32; draw_string_vec4
    %pushi/vec4 0, 0, 32; draw_string_vec4
    %concat/vec4; draw_string_vec4
    %pushi/vec4 0, 0, 32; draw_string_vec4
    %concat/vec4; draw_string_vec4
    %pushi/vec4 0, 0, 32; draw_string_vec4
    %concat/vec4; draw_string_vec4
    %pushi/vec4 0, 0, 32; draw_string_vec4
    %concat/vec4; draw_string_vec4
    %pushi/vec4 77, 0, 32; draw_string_vec4
    %concat/vec4; draw_string_vec4
    %pushi/vec4 1396912432, 0, 32; draw_string_vec4
    %concat/vec4; draw_string_vec4
    %pushi/vec4 807423826, 0, 32; draw_string_vec4
    %concat/vec4; draw_string_vec4
    %store/vec4 v00000232e5ea1150_0, 0, 256;
    %load/vec4 v00000232e5ea13d0_0;
    %store/vec4 v00000232e5ea1830_0, 0, 4;
    %pushi/vec4 11, 0, 4;
    %store/vec4 v00000232e5ea16f0_0, 0, 4;
    %fork TD_Lab4_RALU_tb_evidence.expect4, S_00000232e5ea2da0;
    %join;
    %pushi/vec4 5, 0, 3;
    %store/vec4 v00000232e5ea0e30_0, 0, 3;
    %delay 1000, 0;
    %pushi/vec4 0, 0, 32; draw_string_vec4
    %pushi/vec4 0, 0, 32; draw_string_vec4
    %concat/vec4; draw_string_vec4
    %pushi/vec4 0, 0, 32; draw_string_vec4
    %concat/vec4; draw_string_vec4
    %pushi/vec4 0, 0, 32; draw_string_vec4
    %concat/vec4; draw_string_vec4
    %pushi/vec4 0, 0, 32; draw_string_vec4
    %concat/vec4; draw_string_vec4
    %pushi/vec4 19795, 0, 32; draw_string_vec4
    %concat/vec4; draw_string_vec4
    %pushi/vec4 1127297073, 0, 32; draw_string_vec4
    %concat/vec4; draw_string_vec4
    %pushi/vec4 542332237, 0, 32; draw_string_vec4
    %concat/vec4; draw_string_vec4
    %store/vec4 v00000232e5ea1150_0, 0, 256;
    %load/vec4 v00000232e5ea13d0_0;
    %store/vec4 v00000232e5ea1830_0, 0, 4;
    %pushi/vec4 13, 0, 4;
    %store/vec4 v00000232e5ea16f0_0, 0, 4;
    %fork TD_Lab4_RALU_tb_evidence.expect4, S_00000232e5ea2da0;
    %join;
    %pushi/vec4 6, 0, 3;
    %store/vec4 v00000232e5ea0e30_0, 0, 3;
    %delay 1000, 0;
    %pushi/vec4 0, 0, 32; draw_string_vec4
    %pushi/vec4 0, 0, 32; draw_string_vec4
    %concat/vec4; draw_string_vec4
    %pushi/vec4 0, 0, 32; draw_string_vec4
    %concat/vec4; draw_string_vec4
    %pushi/vec4 0, 0, 32; draw_string_vec4
    %concat/vec4; draw_string_vec4
    %pushi/vec4 0, 0, 32; draw_string_vec4
    %concat/vec4; draw_string_vec4
    %pushi/vec4 19795, 0, 32; draw_string_vec4
    %concat/vec4; draw_string_vec4
    %pushi/vec4 1127297328, 0, 32; draw_string_vec4
    %concat/vec4; draw_string_vec4
    %pushi/vec4 542328908, 0, 32; draw_string_vec4
    %concat/vec4; draw_string_vec4
    %store/vec4 v00000232e5ea1150_0, 0, 256;
    %load/vec4 v00000232e5ea13d0_0;
    %store/vec4 v00000232e5ea1830_0, 0, 4;
    %pushi/vec4 4, 0, 4;
    %store/vec4 v00000232e5ea16f0_0, 0, 4;
    %fork TD_Lab4_RALU_tb_evidence.expect4, S_00000232e5ea2da0;
    %join;
    %pushi/vec4 7, 0, 3;
    %store/vec4 v00000232e5ea0e30_0, 0, 3;
    %delay 1000, 0;
    %pushi/vec4 0, 0, 32; draw_string_vec4
    %pushi/vec4 0, 0, 32; draw_string_vec4
    %concat/vec4; draw_string_vec4
    %pushi/vec4 0, 0, 32; draw_string_vec4
    %concat/vec4; draw_string_vec4
    %pushi/vec4 0, 0, 32; draw_string_vec4
    %concat/vec4; draw_string_vec4
    %pushi/vec4 0, 0, 32; draw_string_vec4
    %concat/vec4; draw_string_vec4
    %pushi/vec4 19795, 0, 32; draw_string_vec4
    %concat/vec4; draw_string_vec4
    %pushi/vec4 1127297329, 0, 32; draw_string_vec4
    %concat/vec4; draw_string_vec4
    %pushi/vec4 542328914, 0, 32; draw_string_vec4
    %concat/vec4; draw_string_vec4
    %store/vec4 v00000232e5ea1150_0, 0, 256;
    %load/vec4 v00000232e5ea13d0_0;
    %store/vec4 v00000232e5ea1830_0, 0, 4;
    %pushi/vec4 5, 0, 4;
    %store/vec4 v00000232e5ea16f0_0, 0, 4;
    %fork TD_Lab4_RALU_tb_evidence.expect4, S_00000232e5ea2da0;
    %join;
    %pushi/vec4 0, 0, 32; draw_string_vec4
    %pushi/vec4 0, 0, 32; draw_string_vec4
    %concat/vec4; draw_string_vec4
    %pushi/vec4 0, 0, 32; draw_string_vec4
    %concat/vec4; draw_string_vec4
    %pushi/vec4 0, 0, 32; draw_string_vec4
    %concat/vec4; draw_string_vec4
    %pushi/vec4 78, 0, 32; draw_string_vec4
    %concat/vec4; draw_string_vec4
    %pushi/vec4 1865245537, 0, 32; draw_string_vec4
    %concat/vec4; draw_string_vec4
    %pushi/vec4 1920104736, 0, 32; draw_string_vec4
    %concat/vec4; draw_string_vec4
    %pushi/vec4 1667330917, 0, 32; draw_string_vec4
    %concat/vec4; draw_string_vec4
    %store/vec4 v00000232e5ea2a50_0, 0, 256;
    %load/vec4 v00000232e5ea1bf0_0;
    %store/vec4 v00000232e5ea0d90_0, 0, 1;
    %pushi/vec4 0, 0, 1;
    %store/vec4 v00000232e5ea27d0_0, 0, 1;
    %fork TD_Lab4_RALU_tb_evidence.expect1, S_00000232e5ea2c10;
    %join;
    %vpi_call/w 3 123 "$display", "=== Part B: Sequence 4g check ===" {0 0 0};
    %vpi_call/w 3 124 "$fdisplay", v00000232e5ea1ab0_0, "=== Part B: Sequence 4g check ===" {0 0 0};
    %pushi/vec4 0, 0, 1;
    %store/vec4 v00000232e5ea11f0_0, 0, 1;
    %pushi/vec4 4, 0, 4;
    %store/vec4 v00000232e5ea2690_0, 0, 4;
    %pushi/vec4 0, 0, 2;
    %store/vec4 v00000232e5ea1fb0_0, 0, 2;
    %pushi/vec4 2, 0, 2;
    %store/vec4 v00000232e5ea2410_0, 0, 2;
    %pushi/vec4 0, 0, 3;
    %store/vec4 v00000232e5ea0e30_0, 0, 3;
    %fork TD_Lab4_RALU_tb_evidence.tick, S_00000232e5e47490;
    %join;
    %pushi/vec4 0, 0, 32; draw_string_vec4
    %pushi/vec4 0, 0, 32; draw_string_vec4
    %concat/vec4; draw_string_vec4
    %pushi/vec4 0, 0, 32; draw_string_vec4
    %concat/vec4; draw_string_vec4
    %pushi/vec4 0, 0, 32; draw_string_vec4
    %concat/vec4; draw_string_vec4
    %pushi/vec4 0, 0, 32; draw_string_vec4
    %concat/vec4; draw_string_vec4
    %pushi/vec4 1731272812, 0, 32; draw_string_vec4
    %concat/vec4; draw_string_vec4
    %pushi/vec4 1868653600, 0, 32; draw_string_vec4
    %concat/vec4; draw_string_vec4
    %pushi/vec4 875380289, 0, 32; draw_string_vec4
    %concat/vec4; draw_string_vec4
    %store/vec4 v00000232e5ea2870_0, 0, 256;
    %fork TD_Lab4_RALU_tb_evidence.log_state, S_00000232e5e47300;
    %join;
    %pushi/vec4 10, 0, 4;
    %store/vec4 v00000232e5ea2690_0, 0, 4;
    %pushi/vec4 1, 0, 2;
    %store/vec4 v00000232e5ea1fb0_0, 0, 2;
    %pushi/vec4 0, 0, 2;
    %store/vec4 v00000232e5ea2410_0, 0, 2;
    %pushi/vec4 0, 0, 3;
    %store/vec4 v00000232e5ea0e30_0, 0, 3;
    %fork TD_Lab4_RALU_tb_evidence.tick, S_00000232e5e47490;
    %join;
    %pushi/vec4 0, 0, 32; draw_string_vec4
    %pushi/vec4 0, 0, 32; draw_string_vec4
    %concat/vec4; draw_string_vec4
    %pushi/vec4 0, 0, 32; draw_string_vec4
    %concat/vec4; draw_string_vec4
    %pushi/vec4 103, 0, 32; draw_string_vec4
    %concat/vec4; draw_string_vec4
    %pushi/vec4 840985711, 0, 32; draw_string_vec4
    %concat/vec4; draw_string_vec4
    %pushi/vec4 1633951809, 0, 32; draw_string_vec4
    %concat/vec4; draw_string_vec4
    %pushi/vec4 1668247155, 0, 32; draw_string_vec4
    %concat/vec4; draw_string_vec4
    %pushi/vec4 1949122114, 0, 32; draw_string_vec4
    %concat/vec4; draw_string_vec4
    %store/vec4 v00000232e5ea2870_0, 0, 256;
    %fork TD_Lab4_RALU_tb_evidence.log_state, S_00000232e5e47300;
    %join;
    %pushi/vec4 0, 0, 4;
    %store/vec4 v00000232e5ea2690_0, 0, 4;
    %pushi/vec4 3, 0, 2;
    %store/vec4 v00000232e5ea1fb0_0, 0, 2;
    %pushi/vec4 2, 0, 2;
    %store/vec4 v00000232e5ea2410_0, 0, 2;
    %pushi/vec4 4, 0, 3;
    %store/vec4 v00000232e5ea0e30_0, 0, 3;
    %fork TD_Lab4_RALU_tb_evidence.tick, S_00000232e5e47490;
    %join;
    %pushi/vec4 0, 0, 32; draw_string_vec4
    %pushi/vec4 0, 0, 32; draw_string_vec4
    %concat/vec4; draw_string_vec4
    %pushi/vec4 0, 0, 32; draw_string_vec4
    %concat/vec4; draw_string_vec4
    %pushi/vec4 0, 0, 32; draw_string_vec4
    %concat/vec4; draw_string_vec4
    %pushi/vec4 0, 0, 32; draw_string_vec4
    %concat/vec4; draw_string_vec4
    %pushi/vec4 103, 0, 32; draw_string_vec4
    %concat/vec4; draw_string_vec4
    %pushi/vec4 857751868, 0, 32; draw_string_vec4
    %concat/vec4; draw_string_vec4
    %pushi/vec4 759266370, 0, 32; draw_string_vec4
    %concat/vec4; draw_string_vec4
    %store/vec4 v00000232e5ea2870_0, 0, 256;
    %fork TD_Lab4_RALU_tb_evidence.log_state, S_00000232e5e47300;
    %join;
    %pushi/vec4 6, 0, 4;
    %store/vec4 v00000232e5ea2690_0, 0, 4;
    %pushi/vec4 1, 0, 2;
    %store/vec4 v00000232e5ea1fb0_0, 0, 2;
    %pushi/vec4 0, 0, 2;
    %store/vec4 v00000232e5ea2410_0, 0, 2;
    %pushi/vec4 0, 0, 3;
    %store/vec4 v00000232e5ea0e30_0, 0, 3;
    %fork TD_Lab4_RALU_tb_evidence.tick, S_00000232e5e47490;
    %join;
    %pushi/vec4 0, 0, 32; draw_string_vec4
    %pushi/vec4 0, 0, 32; draw_string_vec4
    %concat/vec4; draw_string_vec4
    %pushi/vec4 0, 0, 32; draw_string_vec4
    %concat/vec4; draw_string_vec4
    %pushi/vec4 0, 0, 32; draw_string_vec4
    %concat/vec4; draw_string_vec4
    %pushi/vec4 0, 0, 32; draw_string_vec4
    %concat/vec4; draw_string_vec4
    %pushi/vec4 1731469420, 0, 32; draw_string_vec4
    %concat/vec4; draw_string_vec4
    %pushi/vec4 1868653600, 0, 32; draw_string_vec4
    %concat/vec4; draw_string_vec4
    %pushi/vec4 908934722, 0, 32; draw_string_vec4
    %concat/vec4; draw_string_vec4
    %store/vec4 v00000232e5ea2870_0, 0, 256;
    %fork TD_Lab4_RALU_tb_evidence.log_state, S_00000232e5e47300;
    %join;
    %pushi/vec4 0, 0, 4;
    %store/vec4 v00000232e5ea2690_0, 0, 4;
    %pushi/vec4 3, 0, 2;
    %store/vec4 v00000232e5ea1fb0_0, 0, 2;
    %pushi/vec4 2, 0, 2;
    %store/vec4 v00000232e5ea2410_0, 0, 2;
    %pushi/vec4 3, 0, 3;
    %store/vec4 v00000232e5ea0e30_0, 0, 3;
    %fork TD_Lab4_RALU_tb_evidence.tick, S_00000232e5e47490;
    %join;
    %pushi/vec4 0, 0, 32; draw_string_vec4
    %pushi/vec4 0, 0, 32; draw_string_vec4
    %concat/vec4; draw_string_vec4
    %pushi/vec4 0, 0, 32; draw_string_vec4
    %concat/vec4; draw_string_vec4
    %pushi/vec4 0, 0, 32; draw_string_vec4
    %concat/vec4; draw_string_vec4
    %pushi/vec4 0, 0, 32; draw_string_vec4
    %concat/vec4; draw_string_vec4
    %pushi/vec4 103, 0, 32; draw_string_vec4
    %concat/vec4; draw_string_vec4
    %pushi/vec4 891306300, 0, 32; draw_string_vec4
    %concat/vec4; draw_string_vec4
    %pushi/vec4 759244354, 0, 32; draw_string_vec4
    %concat/vec4; draw_string_vec4
    %store/vec4 v00000232e5ea2870_0, 0, 256;
    %fork TD_Lab4_RALU_tb_evidence.log_state, S_00000232e5e47300;
    %join;
    %pushi/vec4 0, 0, 4;
    %store/vec4 v00000232e5ea2690_0, 0, 4;
    %pushi/vec4 3, 0, 2;
    %store/vec4 v00000232e5ea1fb0_0, 0, 2;
    %pushi/vec4 2, 0, 2;
    %store/vec4 v00000232e5ea2410_0, 0, 2;
    %pushi/vec4 6, 0, 3;
    %store/vec4 v00000232e5ea0e30_0, 0, 3;
    %fork TD_Lab4_RALU_tb_evidence.tick, S_00000232e5e47490;
    %join;
    %pushi/vec4 0, 0, 32; draw_string_vec4
    %pushi/vec4 0, 0, 32; draw_string_vec4
    %concat/vec4; draw_string_vec4
    %pushi/vec4 0, 0, 32; draw_string_vec4
    %concat/vec4; draw_string_vec4
    %pushi/vec4 0, 0, 32; draw_string_vec4
    %concat/vec4; draw_string_vec4
    %pushi/vec4 0, 0, 32; draw_string_vec4
    %concat/vec4; draw_string_vec4
    %pushi/vec4 26422, 0, 32; draw_string_vec4
    %concat/vec4; draw_string_vec4
    %pushi/vec4 541146157, 0, 32; draw_string_vec4
    %concat/vec4; draw_string_vec4
    %pushi/vec4 1094466609, 0, 32; draw_string_vec4
    %concat/vec4; draw_string_vec4
    %store/vec4 v00000232e5ea2870_0, 0, 256;
    %fork TD_Lab4_RALU_tb_evidence.log_state, S_00000232e5e47300;
    %join;
    %pushi/vec4 0, 0, 4;
    %store/vec4 v00000232e5ea2690_0, 0, 4;
    %pushi/vec4 3, 0, 2;
    %store/vec4 v00000232e5ea1fb0_0, 0, 2;
    %pushi/vec4 2, 0, 2;
    %store/vec4 v00000232e5ea2410_0, 0, 2;
    %pushi/vec4 6, 0, 3;
    %store/vec4 v00000232e5ea0e30_0, 0, 3;
    %fork TD_Lab4_RALU_tb_evidence.tick, S_00000232e5e47490;
    %join;
    %pushi/vec4 0, 0, 32; draw_string_vec4
    %pushi/vec4 0, 0, 32; draw_string_vec4
    %concat/vec4; draw_string_vec4
    %pushi/vec4 0, 0, 32; draw_string_vec4
    %concat/vec4; draw_string_vec4
    %pushi/vec4 0, 0, 32; draw_string_vec4
    %concat/vec4; draw_string_vec4
    %pushi/vec4 0, 0, 32; draw_string_vec4
    %concat/vec4; draw_string_vec4
    %pushi/vec4 26423, 0, 32; draw_string_vec4
    %concat/vec4; draw_string_vec4
    %pushi/vec4 541146157, 0, 32; draw_string_vec4
    %concat/vec4; draw_string_vec4
    %pushi/vec4 1094466609, 0, 32; draw_string_vec4
    %concat/vec4; draw_string_vec4
    %store/vec4 v00000232e5ea2870_0, 0, 256;
    %fork TD_Lab4_RALU_tb_evidence.log_state, S_00000232e5e47300;
    %join;
    %pushi/vec4 3, 0, 4;
    %store/vec4 v00000232e5ea2690_0, 0, 4;
    %pushi/vec4 1, 0, 2;
    %store/vec4 v00000232e5ea1fb0_0, 0, 2;
    %pushi/vec4 0, 0, 2;
    %store/vec4 v00000232e5ea2410_0, 0, 2;
    %pushi/vec4 0, 0, 3;
    %store/vec4 v00000232e5ea0e30_0, 0, 3;
    %fork TD_Lab4_RALU_tb_evidence.tick, S_00000232e5e47490;
    %join;
    %pushi/vec4 0, 0, 32; draw_string_vec4
    %pushi/vec4 0, 0, 32; draw_string_vec4
    %concat/vec4; draw_string_vec4
    %pushi/vec4 0, 0, 32; draw_string_vec4
    %concat/vec4; draw_string_vec4
    %pushi/vec4 0, 0, 32; draw_string_vec4
    %concat/vec4; draw_string_vec4
    %pushi/vec4 0, 0, 32; draw_string_vec4
    %concat/vec4; draw_string_vec4
    %pushi/vec4 1731731564, 0, 32; draw_string_vec4
    %concat/vec4; draw_string_vec4
    %pushi/vec4 1868653600, 0, 32; draw_string_vec4
    %concat/vec4; draw_string_vec4
    %pushi/vec4 858603074, 0, 32; draw_string_vec4
    %concat/vec4; draw_string_vec4
    %store/vec4 v00000232e5ea2870_0, 0, 256;
    %fork TD_Lab4_RALU_tb_evidence.log_state, S_00000232e5e47300;
    %join;
    %pushi/vec4 0, 0, 4;
    %store/vec4 v00000232e5ea2690_0, 0, 4;
    %pushi/vec4 3, 0, 2;
    %store/vec4 v00000232e5ea1fb0_0, 0, 2;
    %pushi/vec4 2, 0, 2;
    %store/vec4 v00000232e5ea2410_0, 0, 2;
    %pushi/vec4 4, 0, 3;
    %store/vec4 v00000232e5ea0e30_0, 0, 3;
    %fork TD_Lab4_RALU_tb_evidence.tick, S_00000232e5e47490;
    %join;
    %pushi/vec4 0, 0, 32; draw_string_vec4
    %pushi/vec4 0, 0, 32; draw_string_vec4
    %concat/vec4; draw_string_vec4
    %pushi/vec4 0, 0, 32; draw_string_vec4
    %concat/vec4; draw_string_vec4
    %pushi/vec4 0, 0, 32; draw_string_vec4
    %concat/vec4; draw_string_vec4
    %pushi/vec4 0, 0, 32; draw_string_vec4
    %concat/vec4; draw_string_vec4
    %pushi/vec4 103, 0, 32; draw_string_vec4
    %concat/vec4; draw_string_vec4
    %pushi/vec4 958415164, 0, 32; draw_string_vec4
    %concat/vec4; draw_string_vec4
    %pushi/vec4 759266370, 0, 32; draw_string_vec4
    %concat/vec4; draw_string_vec4
    %store/vec4 v00000232e5ea2870_0, 0, 256;
    %fork TD_Lab4_RALU_tb_evidence.log_state, S_00000232e5e47300;
    %join;
    %pushi/vec4 0, 0, 4;
    %store/vec4 v00000232e5ea2690_0, 0, 4;
    %pushi/vec4 3, 0, 2;
    %store/vec4 v00000232e5ea1fb0_0, 0, 2;
    %pushi/vec4 2, 0, 2;
    %store/vec4 v00000232e5ea2410_0, 0, 2;
    %pushi/vec4 2, 0, 3;
    %store/vec4 v00000232e5ea0e30_0, 0, 3;
    %fork TD_Lab4_RALU_tb_evidence.tick, S_00000232e5e47490;
    %join;
    %pushi/vec4 0, 0, 32; draw_string_vec4
    %pushi/vec4 0, 0, 32; draw_string_vec4
    %concat/vec4; draw_string_vec4
    %pushi/vec4 0, 0, 32; draw_string_vec4
    %concat/vec4; draw_string_vec4
    %pushi/vec4 0, 0, 32; draw_string_vec4
    %concat/vec4; draw_string_vec4
    %pushi/vec4 0, 0, 32; draw_string_vec4
    %concat/vec4; draw_string_vec4
    %pushi/vec4 103, 0, 32; draw_string_vec4
    %concat/vec4; draw_string_vec4
    %pushi/vec4 825237569, 0, 32; draw_string_vec4
    %concat/vec4; draw_string_vec4
    %pushi/vec4 1009614401, 0, 32; draw_string_vec4
    %concat/vec4; draw_string_vec4
    %store/vec4 v00000232e5ea2870_0, 0, 256;
    %fork TD_Lab4_RALU_tb_evidence.log_state, S_00000232e5e47300;
    %join;
    %pushi/vec4 0, 0, 4;
    %store/vec4 v00000232e5ea2690_0, 0, 4;
    %pushi/vec4 3, 0, 2;
    %store/vec4 v00000232e5ea1fb0_0, 0, 2;
    %pushi/vec4 2, 0, 2;
    %store/vec4 v00000232e5ea2410_0, 0, 2;
    %pushi/vec4 7, 0, 3;
    %store/vec4 v00000232e5ea0e30_0, 0, 3;
    %fork TD_Lab4_RALU_tb_evidence.tick, S_00000232e5e47490;
    %join;
    %pushi/vec4 0, 0, 32; draw_string_vec4
    %pushi/vec4 0, 0, 32; draw_string_vec4
    %concat/vec4; draw_string_vec4
    %pushi/vec4 0, 0, 32; draw_string_vec4
    %concat/vec4; draw_string_vec4
    %pushi/vec4 0, 0, 32; draw_string_vec4
    %concat/vec4; draw_string_vec4
    %pushi/vec4 0, 0, 32; draw_string_vec4
    %concat/vec4; draw_string_vec4
    %pushi/vec4 6762801, 0, 32; draw_string_vec4
    %concat/vec4; draw_string_vec4
    %pushi/vec4 541146157, 0, 32; draw_string_vec4
    %concat/vec4; draw_string_vec4
    %pushi/vec4 1094598193, 0, 32; draw_string_vec4
    %concat/vec4; draw_string_vec4
    %store/vec4 v00000232e5ea2870_0, 0, 256;
    %fork TD_Lab4_RALU_tb_evidence.log_state, S_00000232e5e47300;
    %join;
    %pushi/vec4 0, 0, 32; draw_string_vec4
    %pushi/vec4 0, 0, 32; draw_string_vec4
    %concat/vec4; draw_string_vec4
    %pushi/vec4 0, 0, 32; draw_string_vec4
    %concat/vec4; draw_string_vec4
    %pushi/vec4 0, 0, 32; draw_string_vec4
    %concat/vec4; draw_string_vec4
    %pushi/vec4 0, 0, 32; draw_string_vec4
    %concat/vec4; draw_string_vec4
    %pushi/vec4 1181314657, 0, 32; draw_string_vec4
    %concat/vec4; draw_string_vec4
    %pushi/vec4 1814062880, 0, 32; draw_string_vec4
    %concat/vec4; draw_string_vec4
    %pushi/vec4 1382377281, 0, 32; draw_string_vec4
    %concat/vec4; draw_string_vec4
    %store/vec4 v00000232e5ea1150_0, 0, 256;
    %load/vec4 v00000232e5ea2190_0;
    %store/vec4 v00000232e5ea1830_0, 0, 4;
    %pushi/vec4 2, 0, 4;
    %store/vec4 v00000232e5ea16f0_0, 0, 4;
    %fork TD_Lab4_RALU_tb_evidence.expect4, S_00000232e5ea2da0;
    %join;
    %pushi/vec4 0, 0, 32; draw_string_vec4
    %pushi/vec4 0, 0, 32; draw_string_vec4
    %concat/vec4; draw_string_vec4
    %pushi/vec4 0, 0, 32; draw_string_vec4
    %concat/vec4; draw_string_vec4
    %pushi/vec4 0, 0, 32; draw_string_vec4
    %concat/vec4; draw_string_vec4
    %pushi/vec4 0, 0, 32; draw_string_vec4
    %concat/vec4; draw_string_vec4
    %pushi/vec4 1181314657, 0, 32; draw_string_vec4
    %concat/vec4; draw_string_vec4
    %pushi/vec4 1814062880, 0, 32; draw_string_vec4
    %concat/vec4; draw_string_vec4
    %pushi/vec4 1382377282, 0, 32; draw_string_vec4
    %concat/vec4; draw_string_vec4
    %store/vec4 v00000232e5ea1150_0, 0, 256;
    %load/vec4 v00000232e5ea15b0_0;
    %store/vec4 v00000232e5ea1830_0, 0, 4;
    %pushi/vec4 3, 0, 4;
    %store/vec4 v00000232e5ea16f0_0, 0, 4;
    %fork TD_Lab4_RALU_tb_evidence.expect4, S_00000232e5ea2da0;
    %join;
    %load/vec4 v00000232e5ea1a10_0;
    %cmpi/e 0, 0, 32;
    %jmp/0xz  T_9.0, 4;
    %vpi_call/w 3 145 "$display", "PASS: Lab4_RALU_tb_evidence completed with 0 errors." {0 0 0};
    %vpi_call/w 3 146 "$fdisplay", v00000232e5ea1ab0_0, "PASS: Lab4_RALU_tb_evidence completed with 0 errors." {0 0 0};
    %jmp T_9.1;
T_9.0 ;
    %vpi_call/w 3 148 "$display", "FAIL: Lab4_RALU_tb_evidence completed with %0d errors.", v00000232e5ea1a10_0 {0 0 0};
    %vpi_call/w 3 149 "$fdisplay", v00000232e5ea1ab0_0, "FAIL: Lab4_RALU_tb_evidence completed with %0d errors.", v00000232e5ea1a10_0 {0 0 0};
    %vpi_call/w 3 150 "$fatal", 32'sb00000000000000000000000000000001 {0 0 0};
T_9.1 ;
    %vpi_call/w 3 153 "$fclose", v00000232e5ea1ab0_0 {0 0 0};
    %delay 10000, 0;
    %vpi_call/w 3 155 "$finish" {0 0 0};
    %end;
    .thread T_9;
# The file index is used to find the file name in the following table.
:file_names 5;
    "N/A";
    "<interactive>";
    "-";
    "D:\Eletronic\Lab4\Lab4_RALU\Lab4_RALU_tb_evidence.v";
    "D:\Eletronic\Lab4\Lab4_RALU\Lab4_RALU.v";
